[    0.000000] Linux version 4.15.0-197-generic (buildd@lcy02-amd64-110) (gcc version 7.5.0 (Ubuntu 7.5.0-3ubuntu1~18.04)) #208-Ubuntu SMP Tue Nov 1 17:23:37 UTC 2022 (Ubuntu 4.15.0-197.208-generic 4.15.18)
[    0.000000] Command line: BOOT_IMAGE=/boot/vmlinuz-4.15.0-197-generic root=LABEL=cloudimg-rootfs ro console=tty1 console=ttyS0
[    0.000000] KERNEL supported cpus:
[    0.000000]   Intel GenuineIntel
[    0.000000]   AMD AuthenticAMD
[    0.000000]   Centaur CentaurHauls
[    0.000000] x86/fpu: Supporting XSAVE feature 0x001: 'x87 floating point registers'
[    0.000000] x86/fpu: Supporting XSAVE feature 0x002: 'SSE registers'
[    0.000000] x86/fpu: Supporting XSAVE feature 0x004: 'AVX registers'
[    0.000000] x86/fpu: xstate_offset[2]:  576, xstate_sizes[2]:  256
[    0.000000] x86/fpu: Enabled xstate features 0x7, context size is 832 bytes, using 'standard' format.
[    0.000000] e820: BIOS-provided physical RAM map:
[    0.000000] BIOS-e820: [mem 0x0000000000000000-0x000000000009fbff] usable
[    0.000000] BIOS-e820: [mem 0x000000000009fc00-0x000000000009ffff] reserved
[    0.000000] BIOS-e820: [mem 0x00000000000f0000-0x00000000000fffff] reserved
[    0.000000] BIOS-e820: [mem 0x0000000000100000-0x000000003ffeffff] usable
[    0.000000] BIOS-e820: [mem 0x000000003fff0000-0x000000003fffffff] ACPI data
[    0.000000] BIOS-e820: [mem 0x00000000fec00000-0x00000000fec00fff] reserved
[    0.000000] BIOS-e820: [mem 0x00000000fee00000-0x00000000fee00fff] reserved
[    0.000000] BIOS-e820: [mem 0x00000000fffc0000-0x00000000ffffffff] reserved
[    0.000000] NX (Execute Disable) protection: active
[    0.000000] SMBIOS 2.5 present.
[    0.000000] DMI: innotek GmbH VirtualBox/VirtualBox, BIOS VirtualBox 12/01/2006
[    0.000000] Hypervisor detected: KVM
[    0.000000] e820: last_pfn = 0x3fff0 max_arch_pfn = 0x400000000
[    0.000000] MTRR: Disabled
[    0.000000] x86/PAT: MTRRs disabled, skipping PAT initialization too.
[    0.000000] CPU MTRRs all blank - virtualized system.
[    0.000000] x86/PAT: Configuration [0-7]: WB  WT  UC- UC  WB  WT  UC- UC  
[    0.000000] found SMP MP-table at [mem 0x0009fff0-0x0009ffff]
[    0.000000] Scanning 1 areas for low memory corruption
[    0.000000] RAMDISK: [mem 0x359c7000-0x36cdafff]
[    0.000000] ACPI: Early table checksum verification disabled
[    0.000000] ACPI: RSDP 0x00000000000E0000 000024 (v02 VBOX  )
[    0.000000] ACPI: XSDT 0x000000003FFF0030 00003C (v01 VBOX   VBOXXSDT 00000001 ASL  00000061)
[    0.000000] ACPI: FACP 0x000000003FFF00F0 0000F4 (v04 VBOX   VBOXFACP 00000001 ASL  00000061)
[    0.000000] ACPI: DSDT 0x000000003FFF0610 002353 (v02 VBOX   VBOXBIOS 00000002 INTL 20100528)
[    0.000000] ACPI: FACS 0x000000003FFF0200 000040
[    0.000000] ACPI: FACS 0x000000003FFF0200 000040
[    0.000000] ACPI: APIC 0x000000003FFF0240 00005C (v02 VBOX   VBOXAPIC 00000001 ASL  00000061)
[    0.000000] ACPI: SSDT 0x000000003FFF02A0 00036C (v01 VBOX   VBOXCPUT 00000002 INTL 20100528)
[    0.000000] ACPI: Reserving FACP table memory at [mem 0x3fff00f0-0x3fff01e3]
[    0.000000] ACPI: Reserving DSDT table memory at [mem 0x3fff0610-0x3fff2962]
[    0.000000] ACPI: Reserving FACS table memory at [mem 0x3fff0200-0x3fff023f]
[    0.000000] ACPI: Reserving FACS table memory at [mem 0x3fff0200-0x3fff023f]
[    0.000000] ACPI: Reserving APIC table memory at [mem 0x3fff0240-0x3fff029b]
[    0.000000] ACPI: Reserving SSDT table memory at [mem 0x3fff02a0-0x3fff060b]
[    0.000000] No NUMA configuration found
[    0.000000] Faking a node at [mem 0x0000000000000000-0x000000003ffeffff]
[    0.000000] NODE_DATA(0) allocated [mem 0x3ffc5000-0x3ffeffff]
[    0.000000] kvm-clock: cpu 0, msr 0:3ff44001, primary cpu clock
[    0.000000] kvm-clock: Using msrs 4b564d01 and 4b564d00
[    0.000000] kvm-clock: using sched offset of 4715234548 cycles
[    0.000000] clocksource: kvm-clock: mask: 0xffffffffffffffff max_cycles: 0x1cd42e4dffb, max_idle_ns: 881590591483 ns
[    0.000000] Zone ranges:
[    0.000000]   DMA      [mem 0x0000000000001000-0x0000000000ffffff]
[    0.000000]   DMA32    [mem 0x0000000001000000-0x000000003ffeffff]
[    0.000000]   Normal   empty
[    0.000000]   Device   empty
[    0.000000] Movable zone start for each node
[    0.000000] Early memory node ranges
[    0.000000]   node   0: [mem 0x0000000000001000-0x000000000009efff]
[    0.000000]   node   0: [mem 0x0000000000100000-0x000000003ffeffff]
[    0.000000] Reserved but unavailable: 104 pages
[    0.000000] Initmem setup node 0 [mem 0x0000000000001000-0x000000003ffeffff]
[    0.000000] ACPI: PM-Timer IO Port: 0x4008
[    0.000000] IOAPIC[0]: apic_id 2, version 32, address 0xfec00000, GSI 0-23
[    0.000000] ACPI: INT_SRC_OVR (bus 0 bus_irq 0 global_irq 2 dfl dfl)
[    0.000000] ACPI: INT_SRC_OVR (bus 0 bus_irq 9 global_irq 9 low level)
[    0.000000] Using ACPI (MADT) for SMP configuration information
[    0.000000] smpboot: Allowing 2 CPUs, 0 hotplug CPUs
[    0.000000] PM: Registered nosave memory: [mem 0x00000000-0x00000fff]
[    0.000000] PM: Registered nosave memory: [mem 0x0009f000-0x0009ffff]
[    0.000000] PM: Registered nosave memory: [mem 0x000a0000-0x000effff]
[    0.000000] PM: Registered nosave memory: [mem 0x000f0000-0x000fffff]
[    0.000000] e820: [mem 0x40000000-0xfebfffff] available for PCI devices
[    0.000000] Booting paravirtualized kernel on KVM
[    0.000000] clocksource: refined-jiffies: mask: 0xffffffff max_cycles: 0xffffffff, max_idle_ns: 7645519600211568 ns
[    0.000000] setup_percpu: NR_CPUS:8192 nr_cpumask_bits:2 nr_cpu_ids:2 nr_node_ids:1
[    0.000000] percpu: Embedded 50 pages/cpu s167936 r8192 d28672 u1048576
[    0.000000] PV qspinlock hash table entries: 256 (order: 0, 4096 bytes)
[    0.000000] Built 1 zonelists, mobility grouping on.  Total pages: 257913
[    0.000000] Policy zone: DMA32
[    0.000000] Kernel command line: BOOT_IMAGE=/boot/vmlinuz-4.15.0-197-generic root=LABEL=cloudimg-rootfs ro console=tty1 console=ttyS0
[    0.000000] Memory: 982644K/1048120K available (12300K kernel code, 2477K rwdata, 4320K rodata, 2472K init, 2720K bss, 65476K reserved, 0K cma-reserved)
[    0.000000] SLUB: HWalign=64, Order=0-3, MinObjects=0, CPUs=2, Nodes=1
[    0.000000] Kernel/User page tables isolation: enabled
[    0.000000] ftrace: allocating 39478 entries in 155 pages
[    0.004000] Hierarchical RCU implementation.
[    0.004000] 	RCU restricting CPUs from NR_CPUS=8192 to nr_cpu_ids=2.
[    0.004000] 	Tasks RCU enabled.
[    0.004000] RCU: Adjusting geometry for rcu_fanout_leaf=16, nr_cpu_ids=2
[    0.004000] NR_IRQS: 524544, nr_irqs: 440, preallocated irqs: 16
[    0.004000] random: crng init done
[    0.004000] Console: colour VGA+ 80x25
[    0.004000] console [tty1] enabled
[    0.004000] console [ttyS0] enabled
[    0.004000] ACPI: Core revision 20170831
[    0.004000] ACPI: 2 ACPI AML tables successfully acquired and loaded
[    0.004000] APIC: Switch to symmetric I/O mode setup
[    0.004000] x2apic enabled
[    0.004011] Switched APIC routing to physical x2apic.
[    0.008000] ..TIMER: vector=0x30 apic1=0 pin1=2 apic2=-1 pin2=-1
[    0.008006] tsc: Detected 2294.692 MHz processor
[    0.012018] Calibrating delay loop (skipped) preset value.. 4589.38 BogoMIPS (lpj=9178768)
[    0.016008] pid_max: default: 32768 minimum: 301
[    0.020098] Security Framework initialized
[    0.021998] Yama: becoming mindful.
[    0.023731] AppArmor: AppArmor initialized
[    0.028075] Dentry cache hash table entries: 131072 (order: 8, 1048576 bytes)
[    0.032142] Inode-cache hash table entries: 65536 (order: 7, 524288 bytes)
[    0.036030] Mount-cache hash table entries: 2048 (order: 2, 16384 bytes)
[    0.038853] Mountpoint-cache hash table entries: 2048 (order: 2, 16384 bytes)
[    0.044403] Last level iTLB entries: 4KB 1024, 2MB 1024, 4MB 1024
[    0.047702] Last level dTLB entries: 4KB 1024, 2MB 1024, 4MB 1024, 1GB 4
[    0.048010] Spectre V1 : Mitigation: usercopy/swapgs barriers and __user pointer sanitization
[    0.052008] Spectre V2 : Mitigation: Retpolines
[    0.056005] Spectre V2 : Spectre v2 / SpectreRSB mitigation: Filling RSB on context switch
[    0.060005] Speculative Store Bypass: Vulnerable
[    0.064098] MDS: Mitigation: Clear CPU buffers
[    0.066419] SRBDS: Unknown: Dependent on hypervisor status
[    0.068538] Freeing SMP alternatives memory: 36K
[    0.184119] smpboot: CPU0: Intel(R) Core(TM) i5-4200U CPU @ 1.60GHz (family: 0x6, model: 0x45, stepping: 0x1)
[    0.188189] Performance Events: unsupported p6 CPU model 69 no PMU driver, software events only.
[    0.192000] Hierarchical SRCU implementation.
[    0.192993] NMI watchdog: Perf event create on CPU 0 failed with -2
[    0.196006] NMI watchdog: Perf NMI watchdog permanently disabled
[    0.200109] smp: Bringing up secondary CPUs ...
[    0.202982] x86: Booting SMP configuration:
[    0.204004] .... node  #0, CPUs:      #1
[    0.004000] kvm-clock: cpu 1, msr 0:3ff44041, secondary cpu clock
[    0.212027] smp: Brought up 1 node, 2 CPUs
[    0.214178] smpboot: Max logical packages: 1
[    0.216021] smpboot: Total of 2 processors activated (9178.76 BogoMIPS)
[    0.220248] devtmpfs: initialized
[    0.222079] x86/mm: Memory block size: 128MB
[    0.224600] evm: security.selinux
[    0.228006] evm: security.SMACK64
[    0.229549] evm: security.SMACK64EXEC
[    0.231556] evm: security.SMACK64TRANSMUTE
[    0.232006] evm: security.SMACK64MMAP
[    0.233756] evm: security.apparmor
[    0.236004] evm: security.ima
[    0.237512] evm: security.capability
[    0.240327] clocksource: jiffies: mask: 0xffffffff max_cycles: 0xffffffff, max_idle_ns: 7645041785100000 ns
[    0.244019] futex hash table entries: 512 (order: 3, 32768 bytes)
[    0.248095] pinctrl core: initialized pinctrl subsystem
[    0.256243] RTC time: 11:52:20, date: 11/28/22
[    0.260108] NET: Registered protocol family 16
[    0.262620] audit: initializing netlink subsys (disabled)
[    0.264071] audit: type=2000 audit(1669636346.942:1): state=initialized audit_enabled=0 res=1
[    0.268027] cpuidle: using governor ladder
[    0.270478] cpuidle: using governor menu
[    0.272160] ACPI: bus type PCI registered
[    0.276004] acpiphp: ACPI Hot Plug PCI Controller Driver version: 0.5
[    0.280035] PCI: Using configuration type 1 for base access
[    0.287063] HugeTLB registered 2.00 MiB page size, pre-allocated 0 pages
[    0.288115] ACPI: Added _OSI(Module Device)
[    0.292006] ACPI: Added _OSI(Processor Device)
[    0.294183] ACPI: Added _OSI(3.0 _SCP Extensions)
[    0.296011] ACPI: Added _OSI(Processor Aggregator Device)
[    0.300007] ACPI: Added _OSI(Linux-Dell-Video)
[    0.304006] ACPI: Added _OSI(Linux-Lenovo-NV-HDMI-Audio)
[    0.306329] ACPI: Added _OSI(Linux-HPI-Hybrid-Graphics)
[    0.308684] ACPI: Executed 1 blocks of module-level executable AML code
[    0.329996] ACPI: Interpreter enabled
[    0.331818] ACPI: (supports S0 S5)
[    0.332007] ACPI: Using IOAPIC for interrupt routing
[    0.336644] PCI: Using host bridge windows from ACPI; if necessary, use "pci=nocrs" and report a bug
[    0.340580] ACPI: Enabled 2 GPEs in block 00 to 07
[    0.371259] ACPI: PCI Root Bridge [PCI0] (domain 0000 [bus 00-ff])
[    0.372014] acpi PNP0A03:00: _OSC: OS supports [ASPM ClockPM Segments MSI]
[    0.381011] acpi PNP0A03:00: _OSC: not requesting OS control; OS requires [ExtendedConfig ASPM ClockPM MSI]
[    0.384055] acpi PNP0A03:00: fail to add MMCONFIG information, can't access extended PCI configuration space under this bridge.
[    0.389160] PCI host bridge to bus 0000:00
[    0.392007] pci_bus 0000:00: root bus resource [io  0x0000-0x0cf7 window]
[    0.396011] pci_bus 0000:00: root bus resource [io  0x0d00-0xffff window]
[    0.399631] pci_bus 0000:00: root bus resource [mem 0x000a0000-0x000bffff window]
[    0.400009] pci_bus 0000:00: root bus resource [mem 0x40000000-0xfdffffff window]
[    0.404013] pci_bus 0000:00: root bus resource [bus 00-ff]
[    0.416259] pci 0000:00:01.1: legacy IDE quirk: reg 0x10: [io  0x01f0-0x01f7]
[    0.419751] pci 0000:00:01.1: legacy IDE quirk: reg 0x14: [io  0x03f6]
[    0.420008] pci 0000:00:01.1: legacy IDE quirk: reg 0x18: [io  0x0170-0x0177]
[    0.424007] pci 0000:00:01.1: legacy IDE quirk: reg 0x1c: [io  0x0376]
[    0.465238] pci 0000:00:07.0: quirk: [io  0x4000-0x403f] claimed by PIIX4 ACPI
[    0.468027] pci 0000:00:07.0: quirk: [io  0x4100-0x410f] claimed by PIIX4 SMB
[    0.490417] ACPI: PCI Interrupt Link [LNKA] (IRQs 5 9 10 *11)
[    0.493283] ACPI: PCI Interrupt Link [LNKB] (IRQs 5 9 *10 11)
[    0.496363] ACPI: PCI Interrupt Link [LNKC] (IRQs 5 *9 10 11)
[    0.500568] ACPI: PCI Interrupt Link [LNKD] (IRQs 5 9 10 *11)
[    0.508456] SCSI subsystem initialized
[    0.510598] pci 0000:00:02.0: vgaarb: setting as boot VGA device
[    0.511361] pci 0000:00:02.0: vgaarb: VGA device added: decodes=io+mem,owns=io+mem,locks=none
[    0.512026] pci 0000:00:02.0: vgaarb: bridge control possible
[    0.516004] vgaarb: loaded
[    0.520082] ACPI: bus type USB registered
[    0.522427] usbcore: registered new interface driver usbfs
[    0.524027] usbcore: registered new interface driver hub
[    0.528025] usbcore: registered new device driver usb
[    0.532190] EDAC MC: Ver: 3.0.0
[    0.534253] PCI: Using ACPI for IRQ routing
[    0.536617] NetLabel: Initializing
[    0.538589] NetLabel:  domain hash size = 128
[    0.540006] NetLabel:  protocols = UNLABELED CIPSOv4 CALIPSO
[    0.544040] NetLabel:  unlabeled traffic allowed by default
[    0.548134] clocksource: Switched to clocksource kvm-clock
[    0.606983] VFS: Disk quotas dquot_6.6.0
[    0.609724] VFS: Dquot-cache hash table entries: 512 (order 0, 4096 bytes)
[    0.614038] AppArmor: AppArmor Filesystem Enabled
[    0.616926] pnp: PnP ACPI init
[    0.622380] pnp: PnP ACPI: found 3 devices
[    0.638405] clocksource: acpi_pm: mask: 0xffffff max_cycles: 0xffffff, max_idle_ns: 2085701024 ns
[    0.643679] NET: Registered protocol family 2
[    0.646551] IP idents hash table entries: 16384 (order: 5, 131072 bytes)
[    0.657812] TCP established hash table entries: 8192 (order: 4, 65536 bytes)
[    0.667214] TCP bind hash table entries: 8192 (order: 5, 131072 bytes)
[    0.671372] TCP: Hash tables configured (established 8192 bind 8192)
[    0.674794] UDP hash table entries: 512 (order: 2, 16384 bytes)
[    0.678008] UDP-Lite hash table entries: 512 (order: 2, 16384 bytes)
[    0.681919] NET: Registered protocol family 1
[    0.684951] pci 0000:00:00.0: Limiting direct PCI/PCI transfers
[    0.688505] pci 0000:00:01.0: Activating ISA DMA hang workarounds
[    0.692654] pci 0000:00:02.0: Video device with shadowed ROM at [mem 0x000c0000-0x000dffff]
[    0.697713] Unpacking initramfs...
[    1.727989] Freeing initrd memory: 19536K
[    1.730374] clocksource: tsc: mask: 0xffffffffffffffff max_cycles: 0x21139ef1243, max_idle_ns: 440795281462 ns
[    1.736100] platform rtc_cmos: registered platform RTC device (no PNP device found)
[    1.740741] Scanning for low memory corruption every 60 seconds
[    1.745335] Initialise system trusted keyrings
[    1.747290] Key type blacklist registered
[    1.749305] workingset: timestamp_bits=36 max_order=18 bucket_order=0
[    1.756032] zbud: loaded
[    1.758251] squashfs: version 4.0 (2009/01/31) Phillip Lougher
[    1.761248] fuse init (API version 7.26)
[    1.765931] Key type asymmetric registered
[    1.767754] Asymmetric key parser 'x509' registered
[    1.770058] Block layer SCSI generic (bsg) driver version 0.4 loaded (major 246)
[    1.773441] io scheduler noop registered
[    1.775538] io scheduler deadline registered
[    1.777937] io scheduler cfq registered (default)
[    1.781112] ACPI: AC Adapter [AC] (off-line)
[    1.783596] input: Power Button as /devices/LNXSYSTM:00/LNXPWRBN:00/input/input0
[    1.787747] ACPI: Power Button [PWRF]
[    1.790215] input: Sleep Button as /devices/LNXSYSTM:00/LNXSLPBN:00/input/input1
[    1.794351] ACPI: Sleep Button [SLPF]
[    1.797997] Serial: 8250/16550 driver, 32 ports, IRQ sharing enabled
[    1.800884] ACPI: Battery Slot [BAT0] (battery present)
[    1.825532] 00:02: ttyS0 at I/O 0x3f8 (irq = 4, base_baud = 115200) is a 16550A
[    1.834087] Linux agpgart interface v0.103
[    1.843244] loop: module loaded
[    1.846433] scsi host0: ata_piix
[    1.848647] scsi host1: ata_piix
[    1.850629] ata1: PATA max UDMA/33 cmd 0x1f0 ctl 0x3f6 bmdma 0xd000 irq 14
[    1.854361] ata2: PATA max UDMA/33 cmd 0x170 ctl 0x376 bmdma 0xd008 irq 15
[    1.858538] tun: Universal TUN/TAP device driver, 1.6
[    1.861377] PPP generic driver version 2.4.2
[    1.863908] ehci_hcd: USB 2.0 'Enhanced' Host Controller (EHCI) Driver
[    1.867295] ehci-pci: EHCI PCI platform driver
[    1.869845] ehci-platform: EHCI generic platform driver
[    1.872854] ohci_hcd: USB 1.1 'Open' Host Controller (OHCI) Driver
[    1.876080] ohci-pci: OHCI PCI platform driver
[    1.878111] ohci-platform: OHCI generic platform driver
[    1.880609] uhci_hcd: USB Universal Host Controller Interface driver
[    1.883645] i8042: PNP: PS/2 Controller [PNP0303:PS2K,PNP0f03:PS2M] at 0x60,0x64 irq 1,12
[    1.888234] serio: i8042 KBD port at 0x60,0x64 irq 1
[    1.890764] serio: i8042 AUX port at 0x60,0x64 irq 12
[    1.893203] mousedev: PS/2 mouse device common for all mice
[    1.896623] input: AT Translated Set 2 keyboard as /devices/platform/i8042/serio0/input/input2
[    1.900884] rtc_cmos rtc_cmos: rtc core: registered rtc_cmos as rtc0
[    1.903629] rtc_cmos rtc_cmos: alarms up to one day, 114 bytes nvram
[    1.906312] i2c /dev entries driver
[    1.908054] device-mapper: uevent: version 1.0.3
[    1.910307] device-mapper: ioctl: 4.37.0-ioctl (2017-09-20) initialised: dm-devel@redhat.com
[    1.914153] ledtrig-cpu: registered to indicate activity on CPUs
[    1.918426] NET: Registered protocol family 10
[    1.927265] Segment Routing with IPv6
[    1.929239] NET: Registered protocol family 17
[    1.931937] Key type dns_resolver registered
[    1.934859] mce: Using 0 MCE banks
[    1.936953] RAS: Correctable Errors collector initialized.
[    1.940053] sched_clock: Marking stable (1936876447, 0)->(2460724375, -523847928)
[    1.944463] registered taskstats version 1
[    1.946318] Loading compiled-in X.509 certificates
[    1.953771] Loaded X.509 cert 'Build time autogenerated kernel key: ffc9dd3886e7b6bb89620497cc57c4262b59bc54'
[    1.959296] Loaded X.509 cert 'Canonical Ltd. Live Patch Signing: 14df34d1a87cf37625abec039ef2bf521249b969'
[    1.964850] Loaded X.509 cert 'Canonical Ltd. Kernel Module Signing: 88f752e560a1e0737e31163a466ad7b70a850c19'
[    1.969068] blacklist: Loading compiled-in revocation X.509 certificates
[    1.971848] Loaded X.509 cert 'Canonical Ltd. Secure Boot Signing: 61482aa2830d0ab2ad5af10b7250da9033ddcef0'
[    1.976135] zswap: loaded using pool lzo/zbud
[    1.984729] Key type big_key registered
[    1.986471] Key type trusted registered
[    1.991945] Key type encrypted registered
[    1.993830] AppArmor: AppArmor sha1 policy hashing enabled
[    1.996158] ima: No TPM chip found, activating TPM-bypass! (rc=-19)
[    1.998890] ima: Allocated hash algorithm: sha1
[    2.000965] evm: HMAC attrs: 0x1
[    2.002908]   Magic number: 14:640:884
[    2.004793] rtc_cmos rtc_cmos: setting system clock to 2022-11-28 11:52:22 UTC (1669636342)
[    2.008666] BIOS EDD facility v0.16 2004-Jun-25, 0 devices found
[    2.011262] EDD information not available.
[    2.060012] Freeing unused kernel image memory: 2472K
[    2.068149] Write protecting the kernel read-only data: 20480k
[    2.073663] Freeing unused kernel image memory: 2008K
[    2.077498] Freeing unused kernel image memory: 1824K
[    2.132309] x86/mm: Checked W+X mappings: passed, no W+X pages found.
[    2.136263] x86/mm: Checking user space page tables
[    2.186098] x86/mm: Checked W+X mappings: passed, no W+X pages found.
Loading, please wait...
starting version 237
[    2.365239] e1000: Intel(R) PRO/1000 Network Driver - version 7.3.21-k8-NAPI
[    2.369318] e1000: Copyright (c) 1999-2006 Intel Corporation.
[    2.385728] Fusion MPT base driver 3.04.20
[    2.388239] Copyright (c) 1999-2008 LSI Corporation
[    2.411824] Fusion MPT SPI Host driver 3.04.20
[    2.426291] AVX2 version of gcm_enc/dec engaged.
[    2.429095] AES CTR mode by8 optimization enabled
[    2.602273] input: ImExPS/2 Generic Explorer Mouse as /devices/platform/i8042/serio1/input/input4
[    2.973943] e1000 0000:00:03.0 eth0: (PCI:33MHz:32-bit) 02:a6:12:9f:2a:1a
[    2.982580] e1000 0000:00:03.0 eth0: Intel(R) PRO/1000 Network Connection
[    2.993267] e1000 0000:00:03.0 enp0s3: renamed from eth0
[    2.994153] mptbase: ioc0: Initiating bringup
[    3.741300] ioc0: LSI53C1030 A0: Capabilities={Initiator}
[    6.437428] scsi host2: ioc0: LSI53C1030 A0, FwRev=00000000h, Ports=1, MaxQ=256, IRQ=20
[    7.741641] scsi 2:0:0:0: Direct-Access     VBOX     HARDDISK         1.0  PQ: 0 ANSI: 5
[    8.192264] scsi target2:0:0: Beginning Domain Validation
[    8.210218] scsi target2:0:0: Domain Validation skipping write tests
[    8.221471] scsi target2:0:0: Ending Domain Validation
[    8.231083] scsi target2:0:0: asynchronous
[    8.247247] scsi 2:0:1:0: Direct-Access     VBOX     HARDDISK         1.0  PQ: 0 ANSI: 5
[    9.455999] scsi target2:0:1: Beginning Domain Validation
[    9.471512] scsi target2:0:1: Domain Validation skipping write tests
[    9.482305] scsi target2:0:1: Ending Domain Validation
[    9.491857] scsi target2:0:1: asynchronous
[    9.513719] sd 2:0:0:0: Attached scsi generic sg0 type 0
[    9.520463] sd 2:0:0:0: [sda] 83886080 512-byte logical blocks: (42.9 GB/40.0 GiB)
[    9.529785] sd 2:0:1:0: Attached scsi generic sg1 type 0
[    9.542600] sd 2:0:0:0: [sda] Write Protect is off
[    9.549313] sd 2:0:1:0: [sdb] 20480 512-byte logical blocks: (10.5 MB/10.0 MiB)
[    9.559423] sd 2:0:0:0: [sda] Incomplete mode parameter data
[    9.559539] sd 2:0:1:0: [sdb] Write Protect is off
[    9.568378] sd 2:0:0:0: [sda] Assuming drive cache: write through
[    9.583456] sd 2:0:1:0: [sdb] Incomplete mode parameter data
[    9.586709] sd 2:0:1:0: [sdb] Assuming drive cache: write through
[    9.591832]  sda: sda1
[    9.595077] sd 2:0:0:0: [sda] Attached SCSI disk
[    9.598992] sd 2:0:1:0: [sdb] Attached SCSI disk
Begin: Loading essential drivers ... [   12.072498] raid6: sse2x1   gen()  1763 MB/s
[   12.120377] raid6: sse2x1   xor()  1292 MB/s
[   12.168229] raid6: sse2x2   gen()  4888 MB/s
[   12.216133] raid6: sse2x2   xor()  2033 MB/s
[   12.264884] raid6: sse2x4   gen()  5405 MB/s
[   12.312714] raid6: sse2x4   xor()  3110 MB/s
[   12.360550] raid6: avx2x1   gen()  4267 MB/s
[   12.408391] raid6: avx2x1   xor()  2368 MB/s
[   12.456245] raid6: avx2x2   gen()  8088 MB/s
[   12.504083] raid6: avx2x2   xor()  4368 MB/s
[   12.552057] raid6: avx2x4   gen() 10833 MB/s
[   12.600733] raid6: avx2x4   xor()  6245 MB/s
[   12.603038] raid6: using algorithm avx2x4 gen() 10833 MB/s
[   12.606103] raid6: .... xor() 6245 MB/s, rmw enabled
[   12.608729] raid6: using avx2x2 recovery algorithm
[   12.614493] xor: automatically using best checksumming function   avx       
[   12.621143] async_tx: api initialized (async)
done.
Begin: Running /scripts/init-premount ... done.
Begin: Mounting root file system ... Begin: Running /scripts/local-top ... done.
Begin: Running /scripts/local-premount ... [   12.757015] Btrfs loaded, crc32c=crc32c-intel
Scanning for Btrfs filesystems
done.
Warning: fsck not present, so skipping root file system
[   12.817189] EXT4-fs (sda1): mounted filesystem with ordered data mode. Opts: (null)
done.
Begin: Running /scripts/local-bottom ... done.
Begin: Running /scripts/init-bottom ... done.
[   13.147566] ip_tables: (C) 2000-2006 Netfilter Core Team
[   13.167425] systemd[1]: systemd 237 running in system mode. (+PAM +AUDIT +SELINUX +IMA +APPARMOR +SMACK +SYSVINIT +UTMP +LIBCRYPTSETUP +GCRYPT +GNUTLS +ACL +XZ +LZ4 +SECCOMP +BLKID +ELFUTILS +KMOD -IDN2 +IDN -PCRE2 default-hierarchy=hybrid)
[   13.178913] systemd[1]: Detected virtualization oracle.
[   13.182301] systemd[1]: Detected architecture x86-64.

Welcome to [1mUbuntu 18.04.6 LTS[0m!

[   13.195591] systemd[1]: Set hostname to <ubuntu>.
[   13.203213] systemd[1]: Initializing machine ID from random generator.
[   13.206190] systemd[1]: Installed transient /etc/machine-id file.
[   13.720674] systemd[1]: Reached target Swap.
[[0;32m  OK  [0m] Reached target Swap.
[   13.725660] systemd[1]: Set up automount Arbitrary Executable File Formats File System Automount Point.
[[0;32m  OK  [0m] Set up automount Arbitrary Executab…rmats File System Automount Point.
[   13.739853] systemd[1]: Created slice System Slice.
[[0;32m  OK  [0m] Created slice System Slice.
[   13.744933] systemd[1]: Listening on Journal Socket.
[[0;32m  OK  [0m] Listening on Journal Socket.
[[0;32m  OK  [0m] Listening on udev Kernel Socket.
[[0;32m  OK  [0m] Listening on /dev/initctl Compatibility Named Pipe.
         Starting Load Kernel Modules...
         Mounting POSIX Message Queue File System...
         Mounting Kernel Debug File System...
[[0;32m  OK  [0m] Listening on LVM2 metadata daemon socket.
[[0;32m  OK  [0m] Created slice system-serial\x2dgetty.slice.
         Starting Create list of required st…ce nodes for the current kernel...
         Starting Uncomplicated firewall...
[[0;32m  OK  [0m] Listening on Device-mapper event daemon FIFOs.
[[0;32m  OK  [0m] Listening on LVM2 poll daemon socket.
[[0;32m  OK  [0m] Listening on Syslog Socket.
[[0;32m  OK  [0m] Listening on Journal Audit Socke[   13.809835] Loading iSCSI transport class v2.0-870.
t.
[[0;32m  OK  [0m] Reached target System Time Synchronized.
[[0;32m  OK  [0m] Created slice User and Session Slice.
[[0;32m  OK  [0m] Reached target Slices.
[[0;32m  OK  [0m] Reached target User and Group Name Lookups.
[[0;32m  OK  [0m] Listening on fsck to fsckd communication Socket.
         Starting File System Check on Root Device...
[[0;32m  OK  [0m] Listening on udev Control Socket.
[   13.837658] iscsi: registered transport (tcp)
         Starting udev Coldplug all Devices...
[[0;32m  OK  [0m] Listening on Network Service Netlink Socket.
         Mounting Huge Pages File System...
         Starting Set the console keyboard layout...
         Starting Monitoring of LVM2 mirrors…ng dmeventd or progress polling...
[[0;32m  OK  [0m] Started Forward Password Requests to Wall Directory Watch.
[[0;32m  OK  [0m] Listening on Journal Socket (/dev/log).
         Starting Journal Service...
[[0;32m  OK  [0m] Mounted POSIX Message Queue File System.
[[0;32m  OK  [0m] Mounted Kernel Debug File System.
[[0;32m  OK  [0m] Started Create list of required sta…vice nodes for the current kernel.
[[0;32m  OK  [0m] Started Uncomplicated firewall.
[[0;32m  OK  [0m] Mounted Huge Pages File System.
[[0;32m  OK  [0m] Started File System Check Daemon to report status.
         Starting Create Static Device Nodes in /dev...
[[0;32m  OK  [0m] Started LVM2 metadata daemon.
[[0;32m  OK  [0m] Started Journal Service.
[[0;32m  OK  [0m] Started File System Check on Root Device.
         Starting Remount Root and Kernel File Systems...
[[0;32m  OK  [0m] Started Create Static Device Nodes in /dev.
[[0;32m  OK  [0m] Started Monitoring of LVM2 mirrors,…sing dmeventd or progress polling.
[   14.160104] EXT4-fs (sda1): re-mounted. Opts: (null)
[[0;32m  OK  [0m] Started udev Coldplug all Devices.
[[0;32m  OK  [0m] Started Remount Root and Kernel File Systems.
[   14.172669] iscsi: registered transport (iser)
         Starting udev Kernel Device Manager...
         Starting Load/Save Random Seed...
         Starting Flush Journal to Persistent Storage...
[[0;32m  OK  [0m] Started Load Kernel Modules.
         Mounting FUSE Control File System...
         Starting Apply Kernel Variables...
         Mounting Kernel Configuration File System...
[[0;32m  OK  [0m] Mounted FUSE Control File System.
[[0;32m  OK  [0m] Mounted Kernel Configuration File System.
[   14.256674] systemd-journald[419]: Received request to flush runtime journal from PID 1
[[0;32m  OK  [0m] Started udev Kernel Device Manager.
[[0;32m  OK  [0m] Started Load/Save Random Seed.
[[0;32m  OK  [0m] Started Apply Kernel Variables.
[[0;32m  OK  [0m] Started Flush Journal to Persistent Storage.
[[0;32m  OK  [0m] Found device /dev/ttyS0.
[[0;32m  OK  [0m] Listening on Load/Save RF Kill Switch Status /dev/rfkill Watch.
         Mounting Arbitrary Executable File Formats File System...
[[0;32m  OK  [0m] Mounted Arbitrary Executable File Formats File System.
[[0;32m  OK  [0m] Started Set the console keyboard layout.
[[0;32m  OK  [0m] Reached target Local File Systems (Pre).
[[0;32m  OK  [0m] Reached target Local File Systems.
         Starting ebtables ruleset management...
         Starting AppArmor initialization...
         Starting Commit a transient machine-id on disk...
         Starting Set console font and keymap...
         Starting Tell Plymouth To Write Out Runtime Data...
         Starting Create Volatile Files and Directories...
[[0;32m  OK  [0m] Started Dispatch Password Requests to Console Directory Watch.
[[0;32m  OK  [0m] Reached target Local Encrypted Volumes.
[[0;32m  OK  [0m] Started Tell Plymouth To Write Out Runtime Data.
[[0;32m  OK  [0m] Started Create Volatile Files and Directories.
         Starting Update UTMP about System Boot/Shutdown...
[[0;32m  OK  [0m] Started Commit a transient machine-id on disk.
[[0;32m  OK  [0m] Started Update UTMP about System Boot/Shutdown.
[[0;32m  OK  [0m] Started ebtables ruleset management.
[[0;32m  OK  [0m] Started Set console font and keymap.
[[0;32m  OK  [0m] Started AppArmor initialization.
         Starting Initial cloud-init job (pre-networking)...
         Starting Load AppArmor profiles managed internally by snapd...
[[0;32m  OK  [0m] Started Load AppArmor profiles managed internally by snapd.
[   24.270027] cloud-init[811]: Cloud-init v. 22.3.4-0ubuntu1~18.04.1 running 'init-local' at Mon, 28 Nov 2022 11:52:43 +0000. Up 23.45 seconds.
[[0;32m  OK  [0m] Started Initial cloud-init job (pre-networking).
[[0;32m  OK  [0m] Reached target Network (Pre).
         Starting Network Service...
[[0;32m  OK  [0m] Started Network Service.
         Starting Wait for Network to be Configured...
         Starting Network Name Resolution...
[[0;32m  OK  [0m] Started Network Name Resolution.
[[0;32m  OK  [0m] Reached target Network.
[[0;32m  OK  [0m] Reached target Host and Network Name Lookups.
[[0;32m  OK  [0m] Started Wait for Network to be Configured.
         Starting Initial cloud-init job (metadata service crawler)...
[   28.249630] cloud-init[939]: Cloud-init v. 22.3.4-0ubuntu1~18.04.1 running 'init' at Mon, 28 Nov 2022 11:52:48 +0000. Up 27.71 seconds.
[   28.253928] cloud-init[939]: ci-info: ++++++++++++++++++++++++++++++++++++++Net device info++++++++++++++++++++++++++++++++++++++
[   28.258433] cloud-init[939]: ci-info: +--------+------+----------------------------+---------------+--------+-------------------+
[   28.265336] cloud-init[939]: ci-info: | Device |  Up  |          Address           |      Mask     | Scope  |     Hw-Address    |
[   28.270276] cloud-init[939]: ci-info: +--------+------+----------------------------+---------------+--------+-------------------+
[   28.274710] cloud-init[939]: ci-info: | enp0s3 | True |         10.0.2.15          | 255.255.255.0 | global | 02:a6:12:9f:2a:1a |
[   28.278999] cloud-init[939]: ci-info: | enp0s3 | True | fe80::a6:12ff:fe9f:2a1a/64 |       .       |  link  | 02:a6:12:9f:2a:1a |
[   28.283148] cloud-init[939]: ci-info: |   lo   | True |         127.0.0.1          |   255.0.0.0   |  host  |         .         |
[   28.287495] cloud-init[939]: ci-info: |   lo   | True |          ::1/128           |       .       |  host  |         .         |
[   28.291396] cloud-init[939]: ci-info: +--------+------+----------------------------+---------------+--------+-------------------+
[   28.295371] cloud-init[939]: ci-info: ++++++++++++++++++++++++++++Route IPv4 info+++++++++++++++++++++++++++++
[   28.299072] cloud-init[939]: ci-info: +-------+-------------+----------+-----------------+-----------+-------+
[   28.302271] cloud-init[939]: ci-info: | Route | Destination | Gateway  |     Genmask     | Interface | Flags |
[   28.306296] cloud-init[939]: ci-info: +-------+-------------+----------+-----------------+-----------+-------+
[   28.310461] cloud-init[939]: ci-info: |   0   |   0.0.0.0   | 10.0.2.2 |     0.0.0.0     |   enp0s3  |   UG  |
[   28.313622] cloud-init[939]: ci-info: |   1   |   10.0.2.0  | 0.0.0.0  |  255.255.255.0  |   enp0s3  |   U   |
[   28.317484] cloud-init[939]: ci-info: |   2   |   10.0.2.2  | 0.0.0.0  | 255.255.255.255 |   enp0s3  |   UH  |
[   28.322140] cloud-init[939]: ci-info: +-------+-------------+----------+-----------------+-----------+-------+
[   28.326717] cloud-init[939]: ci-info: +++++++++++++++++++Route IPv6 info+++++++++++++++++++
[   28.329992] cloud-init[939]: ci-info: +-------+-------------+---------+-----------+-------+
[   28.333755] cloud-init[939]: ci-info: | Route | Destination | Gateway | Interface | Flags |
[   28.337036] cloud-init[939]: ci-info: +-------+-------------+---------+-----------+-------+
[   28.340319] cloud-init[939]: ci-info: |   1   |  fe80::/64  |    ::   |   enp0s3  |   U   |
[   28.343702] cloud-init[939]: ci-info: |   3   |    local    |    ::   |   enp0s3  |   U   |
[   28.347091] cloud-init[939]: ci-info: |   4   |   ff00::/8  |    ::   |   enp0s3  |   U   |
[   28.350137] cloud-init[939]: ci-info: +-------+-------------+---------+-----------+-------+
[   29.992353] cloud-init[939]: Generating public/private rsa key pair.
[   29.996651] cloud-init[939]: Your identification has been saved in /etc/ssh/ssh_host_rsa_key.
[   30.000479] cloud-init[939]: Your public key has been saved in /etc/ssh/ssh_host_rsa_key.pub.
[   30.004705] cloud-init[939]: The key fingerprint is:
[   30.016664] cloud-init[939]: SHA256:sTnsuClePPqWEEmld12uVaXt61Act0ZYw/yGGFyeSwo root@ubuntu-bionic
[   30.023742] cloud-init[939]: The key's randomart image is:
[   30.026806] cloud-init[939]: +---[RSA 2048]----+
[   30.029241] cloud-init[939]: |     ..    ...=+.|
[   30.031552] cloud-init[939]: |    ..   . oooo*.|
[   30.034015] cloud-init[939]: |   .... o E o+=++|
[   30.036655] cloud-init[939]: |    o. o + +.o+o*|
[   30.039278] cloud-init[939]: |     .  S . . .*.|
[   30.043124] cloud-init[939]: |    .. o .    o .|
[   30.045850] cloud-init[939]: |     .=..    . . |
[   30.048523] cloud-init[939]: |    .oo+      o  |
[   30.051151] cloud-init[939]: |   .o++        . |
[   30.053709] cloud-init[939]: +----[SHA256]-----+
[   30.068417] cloud-init[939]: Generating public/private dsa key pair.
[   30.071964] cloud-init[939]: Your identification has been saved in /etc/ssh/ssh_host_dsa_key.
[   30.076512] cloud-init[939]: Your public key has been saved in /etc/ssh/ssh_host_dsa_key.pub.
[   30.080467] cloud-init[939]: The key fingerprint is:
[   30.083347] cloud-init[939]: SHA256:zy0FRlSiUsRULS1IqzzpMSPANNZ1bBhKutqfZL0bvPQ root@ubuntu-bionic
[   30.098860] cloud-init[939]: The key's randomart image is:
[   30.102111] cloud-init[939]: +---[DSA 1024]----+
[   30.104700] cloud-init[939]: |  +...oO*+=+.    |
[   30.107378] cloud-init[939]: | + +...o=+o.o    |
[   30.109901] cloud-init[939]: |  + . ..o oo     |
[   30.112545] cloud-init[939]: |   o . + . .     |
[   30.115146] cloud-init[939]: |  . . O S   .    |
[   30.117995] cloud-init[939]: | o   = = o o     |
[   30.120555] cloud-init[939]: |. . o *   + .    |
[   30.123236] cloud-init[939]: |   + o =   .     |
[   30.125836] cloud-init[939]: |    o +.E        |
[   30.128686] cloud-init[939]: +----[SHA256]-----+
[   30.131027] cloud-init[939]: Generating public/private ecdsa key pair.
[   30.134211] cloud-init[939]: Your identification has been saved in /etc/ssh/ssh_host_ecdsa_key.
[   30.138384] cloud-init[939]: Your public key has been saved in /etc/ssh/ssh_host_ecdsa_key.pub.
[   30.142543] [[0;32m  OK  [0m] Started Initial cloud-init job (metadata service crawler).
[[0;32m  OK  [0mcloud-init[939]: The key fingerprint is:
[   30.148847] cloud-init[939]: SHA256:YUJzhQlK8Dmeq2fWf9WyZsr/J8G/mP64urYO8uEoEos root@ubuntu-bionic
[   30.150212] cloud-init[939]: The key's randomart image is:
[   30.153800] cloud-init[939]: +---[ECDSA 256]---+
] Reached target Cloud-config availability.
[[   30.156383] [0;32m  OK  [0mcloud-init] [939]: Reached target Network is Online.|  ... +..+.      |

[   30.164561] cloud-init         Starting Availability of block devices...
[[0;32m  OK  [0m] [939]: Reached target Remote File Systems (Pre).
[[0;32m  OK  [0m] Reached target Remote File Systems.
[[0;32m  OK  [0m] Reached target System Initialization.
[|   o + oo        |
[   30.177474] cloud-init[939]: |    = . o        |[0;32m  OK  [0m] Listening on Open-iSCSI iscsid Socket.

         Starting Socket activation for snappy daemon.
[[0;32m  OK  [0m] Started Message of the Day.
[[0;32m  OK  [0m] Started Daily apt download activities.
[   30.194806] cloud-init[939]:          Starting LXD - unix socket.
[[0;32m  OK  [0m] Listening on D-Bus System Message Bus Socket.
[[0;32m  OK  [0m] Started ACPI Events Check.
[[0;32m  OK  [0m] Reached target Paths.
[[0;32m  OK  [0m] Listening on cloud-init hotplug hook socket.
[[0;32m  OK  [0m] Started Daily apt upgrade and clean activities.
[[0;32m  OK  [0m] Listening on UUID daemon activation socket.|   . o o .       |

[   30.216003] [[0;32m  OK  [0m] Started Discard unused blocks once a week.
[[0;32m  OK  [0m] Started Daily Cleanup of Temporary Directories.
[[0;32m  OK  [0m] Listening on ACPID Listen Socket.
[[0;32m  OK  [0m] Started Ubuntu Advantage Timer for running repeated jobs.
[[0;32m  OK  [0m] Reached target Timers.
cloud-init[939]: |    o   S    o   |
[[0;32m  OK  [0m] Started Availability of block devices.
[   30.233284] [[0;32m  OK  [0m] Listening on Socket activation for snappy daemon.
[[0;32m  OK  [0m] Listening on LXD - unix socket.
[[0;32m  OK  [0m] Reached target Sockets.
[[0;32m  OK  [0m] Reached target Basic System.
cloud-init[939]: |   . .      o +  |
[   30.243334] [[0;32m  OK  [0m] Started Regular background program processing daemon.
cloud-init[939]: [[0;32m  OK  [0m] Started D-Bus System Message Bus.
|  . +. . o . o o |
[   30.253173] cloud-init[939]: | E ++.. =.+.+ = o|
[   30.255335] cloud-init[939]: |  .+. .o.+=X*B+=.|
[   30.257818] cloud-init[939]: +----[SHA256]-----+
[   30.262523] cloud-init[939]: Generating public/private ed25519 key pair.
[   30.266132] cloud-init[939]: Your identification has been saved in /etc/ssh/ssh_host_ed25519_key.
[   30.270385] cloud-init[939]: Your public key has been saved in /etc/ssh/ssh_host_ed25519_key.pub.
[   30.274782] cloud-init[939]: The key fingerprint is:
[   30.277574] cloud-init[939]: SHA256:aEJh2WbZN9cTeADqzCwASQwD9dpbZNe0QZnB1BeoV54 root@ubuntu-bionic
[   30.283119] cloud-init[939]: The key's randomart image is:
[   30.288285] cloud-init[939]: +--[ED25519 256]--+
[   30.295593] cloud-init[939]: |==+.oo o +B*.=oo |
[   30.299311] cloud-init[939]: | .o+..= .+*o= *  |
[   30.316333] cloud-init[939]: |    +oo o.o+ = o |
[   30.319153] cloud-init[939]: |   + + B  . . E  |
[   30.321360] cloud-init[939]: |  . o = S  .     |
[   30.323998] cloud-init[939]: |     = .         |
[   30.326557] cloud-init[939]: |    .            |
[   30.328792] cloud-init[939]: |                 |
[   30.336104] cloud-init[939]: |                 |
[   30.348369] cloud-init[939]: +----[SHA256]-----+
         Starting Virtualbox guest utils...
         Starting LSB: automatic crash report generation...
         Starting LXD - container startup/shutdown...
[[0;32m  OK  [0m] Started FUSE filesystem for LXC.
         Starting LSB: Record successful boot for GRUB...
         Starting Login Service...
[[0;32m  OK  [0m] Reached target Login Prompts (Pre).
         Starting Dispatcher daemon for systemd-networkd...
[[0;32m  OK  [0m] Started irqbalance daemon.
         Starting Permit User Sessions...
[[0;32m  OK  [0m] Started Deferred execution scheduler.
         Starting Accounts Service...
         Starting Pollinate to seed the pseudo random number generator...
         Starting System Logging Service...
         Starting Snap Daemon...
[[0;32m  OK  [0m] Started System Logging Service.
[[0;32m  OK  [0m] Started Permit User Sessions.
[[0;32m  OK  [0m] Started Login Service.
[[0;32m  OK  [0m] Started Unattended Upgrades Shutdown.
         Starting Terminate Plymouth Boot Screen...
         Starting Hold until boot process finishes up...
[[0;32m  OK  [0m] Started Hold until boot process finishes up.
         Starting Set console scheme...
[[0;32m  OK  [0m] Started Serial Getty on ttyS0.
[[0;32m  OK  [0m] Started Terminate Plymouth Boot Screen.
[[0;32m  OK  [0m] Started Set console scheme.
[[0;32m  OK  [0m] Created slice system-getty.slice.
[[0;32m  OK  [0m] Started Getty on tty1.
[[0;32m  OK  [0m] Reached target Login Prompts.
[[0;32m  OK  [0m] Started LSB: automatic crash report generation.
         Starting Authorization Manager...
[[0;32m  OK  [0m] Started LSB: Record successful boot for GRUB.
[[0;32m  OK  [0m] Started Authorization Manager.
[[0;32m  OK  [0m] Started Accounts Service.
[[0;32m  OK  [0m] Started LXD - container startup/shutdown.
[[0;32m  OK  [0m] Started Virtualbox guest utils.
[[0;32m  OK  [0m] Started Dispatcher daemon for systemd-networkd.
[[0;32m  OK  [0m] Started Snap Daemon.
         Starting Wait until snapd is fully seeded...
         Starting Time & Date Service...
[[0;32m  OK  [0m] Started Time & Date Service.
[[0;32m  OK  [0m] Started Wait until snapd is fully seeded.
         Starting Apply the settings specified in cloud-config...

Ubuntu 18.04.6 LTS ubuntu-bionic ttyS0

ubuntu-bionic login: [   39.184748] cloud-init[1334]: Cloud-init v. 22.3.4-0ubuntu1~18.04.1 running 'modules:config' at Mon, 28 Nov 2022 11:52:58 +0000. Up 37.69 seconds.
ci-info: no authorized SSH keys fingerprints found for user ubuntu.
<14>Nov 28 11:53:02 cloud-init: #############################################################
<14>Nov 28 11:53:02 cloud-init: -----BEGIN SSH HOST KEY FINGERPRINTS-----
<14>Nov 28 11:53:03 cloud-init: 1024 SHA256:zy0FRlSiUsRULS1IqzzpMSPANNZ1bBhKutqfZL0bvPQ root@ubuntu-bionic (DSA)
<14>Nov 28 11:53:03 cloud-init: 256 SHA256:YUJzhQlK8Dmeq2fWf9WyZsr/J8G/mP64urYO8uEoEos root@ubuntu-bionic (ECDSA)
<14>Nov 28 11:53:03 cloud-init: 256 SHA256:aEJh2WbZN9cTeADqzCwASQwD9dpbZNe0QZnB1BeoV54 root@ubuntu-bionic (ED25519)
<14>Nov 28 11:53:03 cloud-init: 2048 SHA256:sTnsuClePPqWEEmld12uVaXt61Act0ZYw/yGGFyeSwo root@ubuntu-bionic (RSA)
<14>Nov 28 11:53:03 cloud-init: -----END SSH HOST KEY FINGERPRINTS-----
<14>Nov 28 11:53:03 cloud-init: #############################################################
-----BEGIN SSH HOST KEY KEYS-----
ecdsa-sha2-nistp256 AAAAE2VjZHNhLXNoYTItbmlzdHAyNTYAAAAIbmlzdHAyNTYAAABBBFKbKvOHw7gVYAwQC45JKYoMO9BiOe3zxObYmpQH5SoIiXPubpWcc0TzUNQiN/8KnfmOUVtPMRohbtsosaeCUc8= root@ubuntu-bionic
ssh-ed25519 AAAAC3NzaC1lZDI1NTE5AAAAIAkRzzVSjQHV2t5bu1Z+IoxROHv7R8ym+VeM8muqDyI+ root@ubuntu-bionic
ssh-rsa AAAAB3NzaC1yc2EAAAADAQABAAABAQDN9RfUUNZRvAp+T5raCBlbid0u7LkFUZEso3q97DUIj31S26nxoStlLEocUtcH8tFVwMblkdvXF++6n/BGF1YS/2CLpoT1EQclxheCJCKSHSjUGMD+2CpZNIjYIDCh5+lq+ZIXins5pvF+UyZSbopi+selWnW/dxKQj57QNp8hT2UDzm8I2POYY+BgXnxCLWWCfn8CiC8v25ezGQZoS6TMJcwixqEP3FdngZQNZWOt/STJYgt7RcfRX+6If10XLFEhEEOYi1J8cq0YCpexhKOQD06o9ohMp6cp5n5Lge4S4CF49zP5psxK59DnwLfSMXwK++ab2foaOjEZOc0y3hfn root@ubuntu-bionic
-----END SSH HOST KEY KEYS-----
[   42.655482] cloud-init[1471]: Cloud-init v. 22.3.4-0ubuntu1~18.04.1 running 'modules:final' at Mon, 28 Nov 2022 11:53:01 +0000. Up 40.94 seconds.
[   42.660417] cloud-init[1471]: Cloud-init v. 22.3.4-0ubuntu1~18.04.1 finished at Mon, 28 Nov 2022 11:53:03 +0000. Datasource DataSourceNoCloud [seed=/dev/sdb][dsmode=net].  Up 42.60 seconds
